<?xml version="1.0" encoding="UTF-8"?>
<!-- Generated by org.testng.reporters.JUnitXMLReporter -->
<testsuite hostname="ETP-QATEST9" ignored="0" name="JDA_UI_AUTOMATION" tests="3" failures="0" timestamp="19 Mar 2021 14:07:34 GMT" time="314.823" errors="0">
  <testcase name="JDAPIMSupersession" time="46.595" classname="DriverScript.JDA"/>
  <testcase name="JDADemandWorkBench" time="75.778" classname="DriverScript.JDA"/>
  <testcase name="JDASupersession" time="62.771" classname="DriverScript.JDA"/>
</testsuite> <!-- JDA_UI_AUTOMATION -->
