<?xml version="1.0" encoding="UTF-8"?>
<!-- Generated by org.testng.reporters.JUnitXMLReporter -->
<testsuite hostname="ETP-QATEST9" ignored="0" name="SS_CLASSIFICATION_VALIDATIONS" tests="6" failures="0" timestamp="17 Mar 2021 13:21:42 GMT" time="570.204" errors="0">
  <testcase name="testData" time="171.809" classname="DriverScript.Ssclassification"/>
  <testcase name="dbPIMSupersession" time="2.31" classname="DriverScript.Ssclassification"/>
  <testcase name="dbDLYSupersession" time="180.11" classname="DriverScript.Ssclassification"/>
  <testcase name="dbSKU" time="78.74" classname="DriverScript.Ssclassification"/>
  <testcase name="dbSKUReject" time="109.304" classname="DriverScript.Ssclassification"/>
  <testcase name="dbCompare" time="22.023" classname="DriverScript.Ssclassification"/>
</testsuite> <!-- SS_CLASSIFICATION_VALIDATIONS -->
